[19:11:34] [main/INFO]: Using mbed TLS based native cipher.
[19:11:34] [main/INFO]: Using zlib based native compressor.
[19:11:34] [main/INFO]: Enabled Waterfall version git:Waterfall-Bootstrap:1.19-R0.1-SNAPSHOT:f6069e2:513
[19:11:34] [main/INFO]: Not on Windows, attempting to use enhanced EpollEventLoop
[19:11:34] [main/INFO]: Epoll is working, utilising it!
[19:11:34] [main/INFO]: Discovered module: ModuleSpec(name=cmd_alert, file=modules/cmd_alert.jar, provider=JenkinsModuleSource())
[19:11:34] [main/INFO]: Discovered module: ModuleSpec(name=cmd_find, file=modules/cmd_find.jar, provider=JenkinsModuleSource())
[19:11:34] [main/INFO]: Discovered module: ModuleSpec(name=cmd_list, file=modules/cmd_list.jar, provider=JenkinsModuleSource())
[19:11:34] [main/INFO]: Discovered module: ModuleSpec(name=cmd_send, file=modules/cmd_send.jar, provider=JenkinsModuleSource())
[19:11:34] [main/INFO]: Discovered module: ModuleSpec(name=cmd_server, file=modules/cmd_server.jar, provider=JenkinsModuleSource())
[19:11:34] [main/INFO]: Discovered module: ModuleSpec(name=reconnect_yaml, file=modules/reconnect_yaml.jar, provider=JenkinsModuleSource())
[19:11:34] [main/INFO]: Loaded plugin reconnect_yaml version git:reconnect_yaml:1.19-R0.1-SNAPSHOT:f6069e2:513 by WaterfallMC
[19:11:34] [main/INFO]: Loaded plugin cmd_find version git:cmd_find:1.19-R0.1-SNAPSHOT:f6069e2:513 by WaterfallMC
[19:11:34] [main/INFO]: Loaded plugin cmd_server version git:cmd_server:1.19-R0.1-SNAPSHOT:f6069e2:513 by WaterfallMC
[19:11:34] [main/INFO]: Loaded plugin cmd_alert version git:cmd_alert:1.19-R0.1-SNAPSHOT:f6069e2:513 by WaterfallMC
[19:11:34] [main/INFO]: Loaded plugin cmd_send version git:cmd_send:1.19-R0.1-SNAPSHOT:f6069e2:513 by WaterfallMC
[19:11:34] [main/INFO]: Loaded plugin cmd_list version git:cmd_list:1.19-R0.1-SNAPSHOT:f6069e2:513 by WaterfallMC
[19:11:34] [main/WARN]: :>:>:>:>:>:>:>:>:>:>:>:>:>:>:>:>:>:>:>:>:>:>:>
[19:11:34] [main/WARN]: :>  
[19:11:34] [main/WARN]: :>      EAGLERCRAFTXBUNGEE WARNING:
[19:11:34] [main/WARN]: :>  
[19:11:34] [main/WARN]: :>  This plugin wasn't tested to be 'working'
[19:11:34] [main/WARN]: :>  with ANY version of BungeeCord (and forks)
[19:11:34] [main/WARN]: :>  apart from the versions listed below:
[19:11:34] [main/WARN]: :>  
[19:11:34] [main/WARN]: :>  - BungeeCord: 1.20-R0.3-SNAPSHOT:eda268b:1797
[19:11:34] [main/WARN]: :>  - Waterfall: 1.20-R0.2-SNAPSHOT:92b5149:562
[19:11:34] [main/WARN]: :>  - FlameCord: 1.1.1
[19:11:34] [main/WARN]: :>  
[19:11:34] [main/WARN]: :>  This is not a Bukkit/Spigot plugin!
[19:11:34] [main/WARN]: :>  
[19:11:34] [main/WARN]: :>  Use "-Deaglerxbungee.stfu=true" to hide
[19:11:34] [main/WARN]: :>  
[19:11:34] [main/WARN]: :>:>:>:>:>:>:>:>:>:>:>:>:>:>:>:>:>:>:>:>:>:>:>
[19:11:34] [main/INFO] [EaglercraftXBungee]: Loading vanilla profile: lax1dude
[19:11:35] [Skin Download Thread #1/INFO] [EaglercraftXBungee]: Loaded vanilla profile: lax1dude
[19:11:35] [main/INFO]: Loaded plugin EaglercraftXBungee version 1.0.10 by lax1dude
[19:11:35] [main/WARN]: Could not load server icon
java.lang.IllegalArgumentException: Server icon must be exactly 64x64 pixels
	at net.md_5.bungee.api.Favicon.create(Favicon.java:65) ~[bungee.jar:git:Waterfall-Bootstrap:1.19-R0.1-SNAPSHOT:f6069e2:513]
	at net.md_5.bungee.conf.Configuration.load(Configuration.java:89) ~[bungee.jar:git:Waterfall-Bootstrap:1.19-R0.1-SNAPSHOT:f6069e2:513]
	at io.github.waterfallmc.waterfall.conf.WaterfallConfiguration.load(WaterfallConfiguration.java:67) ~[bungee.jar:git:Waterfall-Bootstrap:1.19-R0.1-SNAPSHOT:f6069e2:513]
	at net.md_5.bungee.BungeeCord.start(BungeeCord.java:288) ~[bungee.jar:git:Waterfall-Bootstrap:1.19-R0.1-SNAPSHOT:f6069e2:513]
	at net.md_5.bungee.BungeeCordLauncher.main(BungeeCordLauncher.java:67) ~[bungee.jar:git:Waterfall-Bootstrap:1.19-R0.1-SNAPSHOT:f6069e2:513]
	at net.md_5.bungee.Bootstrap.main(Bootstrap.java:15) ~[bungee.jar:git:Waterfall-Bootstrap:1.19-R0.1-SNAPSHOT:f6069e2:513]
[19:11:35] [main/WARN]: Forced host server pvp is not defined
[19:11:35] [main/INFO]: Enabled plugin reconnect_yaml version git:reconnect_yaml:1.19-R0.1-SNAPSHOT:f6069e2:513 by WaterfallMC
[19:11:35] [main/INFO]: Enabled plugin cmd_find version git:cmd_find:1.19-R0.1-SNAPSHOT:f6069e2:513 by WaterfallMC
[19:11:35] [main/INFO]: Enabled plugin cmd_server version git:cmd_server:1.19-R0.1-SNAPSHOT:f6069e2:513 by WaterfallMC
[19:11:35] [main/INFO]: Enabled plugin cmd_alert version git:cmd_alert:1.19-R0.1-SNAPSHOT:f6069e2:513 by WaterfallMC
[19:11:35] [main/INFO]: Enabled plugin cmd_send version git:cmd_send:1.19-R0.1-SNAPSHOT:f6069e2:513 by WaterfallMC
[19:11:35] [main/INFO]: Enabled plugin cmd_list version git:cmd_list:1.19-R0.1-SNAPSHOT:f6069e2:513 by WaterfallMC
[19:11:35] [main/ERROR] [EaglercraftXBungee]: Online mode is set to false! Authentication system has been disabled
[19:11:35] [Netty Worker IO Thread #0/INFO] [EaglercraftXBungee]: Eaglercraft is listening on: /0.0.0.0:8081
[19:11:35] [EaglerXBungee: Network Tick Tasks/INFO] [EaglercraftXBungee]: Loaded certificate: /workspaces/werelan-server/bungee/plugins/EaglercraftXBungee/eagcert/$dl.11da5ec1e9d8efe3fa0e9998b0c264f5c8cb155f.cert
[19:11:35] [main/INFO] [EaglercraftXBungee]: Connected to database: jdbc:sqlite:eaglercraft_skins_cache.db
[19:11:35] [main/INFO]: Enabled plugin EaglercraftXBungee version 1.0.10 by lax1dude
[19:11:35] [Netty Boss IO Thread #0/INFO]: Listening on /127.0.0.1:25577
[19:11:44] [Netty Worker IO Thread #2/INFO] [EaglercraftXBungee]: [/[0:0:0:0:0:0:0:1%0]:57238]: Connected via websocket
[19:11:44] [Netty Worker IO Thread #2/INFO] [EaglercraftXBungee]: [/[0:0:0:0:0:0:0:1%0]:57238]: Origin header is null
[19:11:45] [Netty Worker IO Thread #2/INFO] [EaglercraftXBungee]: [/[0:0:0:0:0:0:0:1%0]:57238]: Logged in as 'ibomba'
[19:11:45] [Netty Worker IO Thread #2/INFO]: [/[0:0:0:0:0:0:0:1%0]:57238|ibomba] -> UpstreamBridge has connected
[19:11:45] [Netty Worker IO Thread #2/INFO]: [ibomba|/[0:0:0:0:0:0:0:1%0]:57238] <-> ServerConnector [lobby] has connected
[19:12:39] [Netty Worker IO Thread #2/INFO]: [/[0:0:0:0:0:0:0:1%0]:57238|ibomba] -> UpstreamBridge has disconnected
[19:12:39] [Netty Worker IO Thread #2/INFO]: [ibomba] disconnected with: Proxy lost connection to server.
[19:12:39] [Netty Worker IO Thread #2/INFO]: [/[0:0:0:0:0:0:0:1%0]:57238|ibomba] <-> DownstreamBridge <-> [lobby] has disconnected
[19:13:17] [Shutdown Thread/INFO]: Closing listener [id: 0x05a10c6c, L:/127.0.0.1:25577]
[19:13:17] [Shutdown Thread/INFO]: Closing pending connections
[19:13:17] [Shutdown Thread/INFO]: Disconnecting 0 connections
[19:13:18] [Shutdown Thread/INFO]: Disabling plugins
[19:13:18] [Shutdown Thread/INFO] [EaglercraftXBungee]: Eaglercraft listener closed: /0.0.0.0:8081
[19:13:18] [Shutdown Thread/INFO] [EaglercraftXBungee]: Successfully disconnected from database 'jdbc:sqlite:eaglercraft_skins_cache.db'
[19:13:18] [Shutdown Thread/INFO] [EaglercraftXBungee]: Stopping skin cache HTTP client...
[19:13:20] [Shutdown Thread/INFO]: Closing IO threads
[19:13:22] [Shutdown Thread/INFO]: Thank you and goodbye
